<?xml version="1.0" encoding="UTF-8"?>
<testsuite name="org.apache.commons.math3.random.Well44497bTest" time="4.155" tests="63" errors="0" skipped="0" failures="0">
  <properties>
    <property name="java.runtime.name" value="Java(TM) SE Runtime Environment"/>
    <property name="sun.boot.library.path" value="C:\Program Files\Java\jdk1.7.0_17\jre\bin"/>
    <property name="java.vm.version" value="23.7-b01"/>
    <property name="user.country.format" value="BR"/>
    <property name="java.vm.vendor" value="Oracle Corporation"/>
    <property name="java.vendor.url" value="http://java.oracle.com/"/>
    <property name="path.separator" value=";"/>
    <property name="guice.disable.misplaced.annotation.check" value="true"/>
    <property name="java.vm.name" value="Java HotSpot(TM) 64-Bit Server VM"/>
    <property name="file.encoding.pkg" value="sun.io"/>
    <property name="user.script" value=""/>
    <property name="user.country" value="US"/>
    <property name="sun.java.launcher" value="SUN_STANDARD"/>
    <property name="sun.os.patch.level" value="Service Pack 1"/>
    <property name="java.vm.specification.name" value="Java Virtual Machine Specification"/>
    <property name="user.dir" value="C:\Renato\Profissional\commons-math"/>
    <property name="java.runtime.version" value="1.7.0_17-b02"/>
    <property name="java.awt.graphicsenv" value="sun.awt.Win32GraphicsEnvironment"/>
    <property name="java.endorsed.dirs" value="C:\Program Files\Java\jdk1.7.0_17\jre\lib\endorsed"/>
    <property name="os.arch" value="amd64"/>
    <property name="java.io.tmpdir" value="C:\Users\AVELL\AppData\Local\Temp\"/>
    <property name="line.separator" value="&#10;"/>
    <property name="java.vm.specification.vendor" value="Oracle Corporation"/>
    <property name="user.variant" value=""/>
    <property name="os.name" value="Windows 7"/>
    <property name="classworlds.conf" value="C:\Program Files\NetBeans 7.3.1\java\maven\bin\m2.conf"/>
    <property name="sun.jnu.encoding" value="Cp1252"/>
    <property name="java.library.path" value="C:\Program Files\Java\jdk1.7.0_17\bin;C:\Windows\Sun\Java\bin;C:\Windows\system32;C:\Windows;C:\Program Files (x86)\AMD APP\bin\x86_64;C:\Program Files (x86)\AMD APP\bin\x86;C:\Program Files (x86)\NVIDIA Corporation\PhysX\Common;C:\Program Files\AuthenTec TrueSuite\;C:\Program Files (x86)\Intel\iCLS Client\;C:\Program Files\Intel\iCLS Client\;C:\Windows\system32;C:\Windows;C:\Windows\System32\Wbem;C:\Windows\System32\WindowsPowerShell\v1.0\;C:\Program Files\Intel\Intel(R) Management Engine Components\DAL;C:\Program Files\Intel\Intel(R) Management Engine Components\IPT;C:\Program Files (x86)\Intel\Intel(R) Management Engine Components\DAL;C:\Program Files (x86)\Intel\Intel(R) Management Engine Components\IPT;C:\Program Files (x86)\ATI Technologies\ATI.ACE\Core-Static;C:\Program Files (x86)\GtkSharp\2.12\bin;C:\Program Files (x86)\Intel\OpenCL SDK\3.0\bin\x86;C:\Program Files (x86)\Intel\OpenCL SDK\3.0\bin\x64;C:\Program Files\TortoiseSVN\bin;C:\Program Files (x86)\MySQL\MySQL Utilities 1.3.4\;C:\Program Files (x86)\Git\cmd;C:\Program Files\MySQL\MySQL Server 5.5\bin;C:\Program Files (x86)\OpenVPN\bin;C:\Renato\UnixUtils\usr\local\wbin;C:\Program Files (x86)\ps2pdf;."/>
    <property name="java.specification.name" value="Java Platform API Specification"/>
    <property name="java.class.version" value="51.0"/>
    <property name="sun.management.compiler" value="HotSpot 64-Bit Tiered Compilers"/>
    <property name="os.version" value="6.1"/>
    <property name="user.home" value="C:\Users\AVELL"/>
    <property name="user.timezone" value="America/Sao_Paulo"/>
    <property name="java.awt.printerjob" value="sun.awt.windows.WPrinterJob"/>
    <property name="java.specification.version" value="1.7"/>
    <property name="file.encoding" value="Cp1252"/>
    <property name="user.name" value="AVELL"/>
    <property name="java.class.path" value="C:\Program Files\NetBeans 7.3.1\java\maven\boot\plexus-classworlds-2.4.jar"/>
    <property name="java.vm.specification.version" value="1.7"/>
    <property name="sun.arch.data.model" value="64"/>
    <property name="java.home" value="C:\Program Files\Java\jdk1.7.0_17\jre"/>
    <property name="sun.java.command" value="org.codehaus.plexus.classworlds.launcher.Launcher install"/>
    <property name="java.specification.vendor" value="Oracle Corporation"/>
    <property name="user.language" value="en"/>
    <property name="user.language.format" value="pt"/>
    <property name="awt.toolkit" value="sun.awt.windows.WToolkit"/>
    <property name="java.vm.info" value="mixed mode"/>
    <property name="java.version" value="1.7.0_17"/>
    <property name="java.ext.dirs" value="C:\Program Files\Java\jdk1.7.0_17\jre\lib\ext;C:\Windows\Sun\Java\lib\ext"/>
    <property name="sun.boot.class.path" value="C:\Program Files\Java\jdk1.7.0_17\jre\lib\resources.jar;C:\Program Files\Java\jdk1.7.0_17\jre\lib\rt.jar;C:\Program Files\Java\jdk1.7.0_17\jre\lib\sunrsasign.jar;C:\Program Files\Java\jdk1.7.0_17\jre\lib\jsse.jar;C:\Program Files\Java\jdk1.7.0_17\jre\lib\jce.jar;C:\Program Files\Java\jdk1.7.0_17\jre\lib\charsets.jar;C:\Program Files\Java\jdk1.7.0_17\jre\lib\jfr.jar;C:\Program Files\Java\jdk1.7.0_17\jre\classes"/>
    <property name="java.vendor" value="Oracle Corporation"/>
    <property name="maven.home" value="C:\Program Files\NetBeans 7.3.1\java\maven"/>
    <property name="file.separator" value="\"/>
    <property name="java.vendor.url.bug" value="http://bugreport.sun.com/bugreport/"/>
    <property name="sun.cpu.endian" value="little"/>
    <property name="sun.io.unicode.encoding" value="UnicodeLittle"/>
    <property name="sun.desktop" value="windows"/>
    <property name="sun.cpu.isalist" value="amd64"/>
  </properties>
  <testcase name="testReferenceCode" classname="org.apache.commons.math3.random.Well44497bTest" time="0.001"/>
  <testcase name="testNextIntIAE2" classname="org.apache.commons.math3.random.Well44497bTest" time="0"/>
  <testcase name="testNextIntDirect" classname="org.apache.commons.math3.random.Well44497bTest" time="0.779"/>
  <testcase name="testNextFloatDirect" classname="org.apache.commons.math3.random.Well44497bTest" time="0"/>
  <testcase name="testNextBooleanDirect" classname="org.apache.commons.math3.random.Well44497bTest" time="0"/>
  <testcase name="testNextLongDirect" classname="org.apache.commons.math3.random.Well44497bTest" time="0.001"/>
  <testcase name="testNexBoolean2" classname="org.apache.commons.math3.random.Well44497bTest" time="0"/>
  <testcase name="testFloatDirect" classname="org.apache.commons.math3.random.Well44497bTest" time="0"/>
  <testcase name="testSeeding" classname="org.apache.commons.math3.random.Well44497bTest" time="0"/>
  <testcase name="testDoubleDirect" classname="org.apache.commons.math3.random.Well44497bTest" time="0.001"/>
  <testcase name="testNextLong2" classname="org.apache.commons.math3.random.Well44497bTest" time="0"/>
  <testcase name="testNextIntNeg" classname="org.apache.commons.math3.random.Well44497bTest" time="0"/>
  <testcase name="testNexBytes" classname="org.apache.commons.math3.random.Well44497bTest" time="0.01"/>
  <testcase name="testNextInt2" classname="org.apache.commons.math3.random.Well44497bTest" time="0"/>
  <testcase name="testNextPascal" classname="org.apache.commons.math3.random.Well44497bTest" time="0.003"/>
  <testcase name="testNextSample" classname="org.apache.commons.math3.random.Well44497bTest" time="0.001"/>
  <testcase name="testNextLongNegativeRange" classname="org.apache.commons.math3.random.Well44497bTest" time="0.004"/>
  <testcase name="testNextIntNegativeToPositiveRange" classname="org.apache.commons.math3.random.Well44497bTest" time="0.002"/>
  <testcase name="testNextIntExtremeValues" classname="org.apache.commons.math3.random.Well44497bTest" time="0"/>
  <testcase name="testNextUniformExclusiveEndpoints" classname="org.apache.commons.math3.random.Well44497bTest" time="0"/>
  <testcase name="testNextGaussian" classname="org.apache.commons.math3.random.Well44497bTest" time="0.001"/>
  <testcase name="testNextUniformExtremeValues" classname="org.apache.commons.math3.random.Well44497bTest" time="0"/>
  <testcase name="testNextSecureLongIAE" classname="org.apache.commons.math3.random.Well44497bTest" time="0"/>
  <testcase name="testNextF" classname="org.apache.commons.math3.random.Well44497bTest" time="0.013"/>
  <testcase name="testNextT" classname="org.apache.commons.math3.random.Well44497bTest" time="0.009"/>
  <testcase name="testNextSecureIntNegativeToPositiveRange" classname="org.apache.commons.math3.random.Well44497bTest" time="0"/>
  <testcase name="testNextChiSquare" classname="org.apache.commons.math3.random.Well44497bTest" time="0.015"/>
  <testcase name="testNextSecureHex" classname="org.apache.commons.math3.random.Well44497bTest" time="0"/>
  <testcase name="testNextPoissonConsistency" classname="org.apache.commons.math3.random.Well44497bTest" time="2.31"/>
  <testcase name="testNextHypergeometric" classname="org.apache.commons.math3.random.Well44497bTest" time="0.002"/>
  <testcase name="testNextSecureLongPositiveRange" classname="org.apache.commons.math3.random.Well44497bTest" time="0.001"/>
  <testcase name="testNextSecureIntPositiveRange" classname="org.apache.commons.math3.random.Well44497bTest" time="0"/>
  <testcase name="testNextLongNegativeToPositiveRange" classname="org.apache.commons.math3.random.Well44497bTest" time="0.002"/>
  <testcase name="testNextUniformUniformMaximalInterval" classname="org.apache.commons.math3.random.Well44497bTest" time="0.001"/>
  <testcase name="testNextLongExtremeValues" classname="org.apache.commons.math3.random.Well44497bTest" time="0"/>
  <testcase name="testNextExponential" classname="org.apache.commons.math3.random.Well44497bTest" time="0.001"/>
  <testcase name="testNextSecureLongNegativeRange" classname="org.apache.commons.math3.random.Well44497bTest" time="0"/>
  <testcase name="testNextSecureIntNegativeRange" classname="org.apache.commons.math3.random.Well44497bTest" time="0"/>
  <testcase name="testNextPoisson" classname="org.apache.commons.math3.random.Well44497bTest" time="0.006"/>
  <testcase name="testNextUniformUniformNegativeToPositiveBounds" classname="org.apache.commons.math3.random.Well44497bTest" time="0.001"/>
  <testcase name="testNextPermutation" classname="org.apache.commons.math3.random.Well44497bTest" time="0"/>
  <testcase name="testNextIntPositiveRange" classname="org.apache.commons.math3.random.Well44497bTest" time="0.003"/>
  <testcase name="testNextSecureIntIAE" classname="org.apache.commons.math3.random.Well44497bTest" time="0"/>
  <testcase name="testNextUniformIAE" classname="org.apache.commons.math3.random.Well44497bTest" time="0"/>
  <testcase name="testNextUniformUniformNegaiveBounds" classname="org.apache.commons.math3.random.Well44497bTest" time="0.001"/>
  <testcase name="testNextBinomial" classname="org.apache.commons.math3.random.Well44497bTest" time="0.002"/>
  <testcase name="testNextLongIAE" classname="org.apache.commons.math3.random.Well44497bTest" time="0"/>
  <testcase name="testConfig" classname="org.apache.commons.math3.random.Well44497bTest" time="0"/>
  <testcase name="testNextIntWideRange" classname="org.apache.commons.math3.random.Well44497bTest" time="0.068"/>
  <testcase name="testNextSecureLongNegativeToPositiveRange" classname="org.apache.commons.math3.random.Well44497bTest" time="0.001"/>
  <testcase name="testNextIntNegativeRange" classname="org.apache.commons.math3.random.Well44497bTest" time="0.002"/>
  <testcase name="testNextInversionDeviate" classname="org.apache.commons.math3.random.Well44497bTest" time="0"/>
  <testcase name="testNextHex" classname="org.apache.commons.math3.random.Well44497bTest" time="0.011"/>
  <testcase name="testNextLongWideRange" classname="org.apache.commons.math3.random.Well44497bTest" time="0.878"/>
  <testcase name="testNextLongPositiveRange" classname="org.apache.commons.math3.random.Well44497bTest" time="0.004"/>
  <testcase name="testReseed" classname="org.apache.commons.math3.random.Well44497bTest" time="0.001"/>
  <testcase name="testNextCauchy" classname="org.apache.commons.math3.random.Well44497bTest" time="0"/>
  <testcase name="testNextUniformUniformPositiveBounds" classname="org.apache.commons.math3.random.Well44497bTest" time="0.001"/>
  <testcase name="testNextGamma" classname="org.apache.commons.math3.random.Well44497bTest" time="0.002"/>
  <testcase name="testNextWeibull" classname="org.apache.commons.math3.random.Well44497bTest" time="0.001"/>
  <testcase name="testNextIntIAE" classname="org.apache.commons.math3.random.Well44497bTest" time="0"/>
  <testcase name="testNextBeta" classname="org.apache.commons.math3.random.Well44497bTest" time="0.006"/>
  <testcase name="testNextZipf" classname="org.apache.commons.math3.random.Well44497bTest" time="0.01"/>
</testsuite>